<?xml version="1.0" encoding="UTF-8"?>
<testsuite xmlns:xsi="http://www.w3.org/2001/XMLSchema-instance" xsi:noNamespaceSchemaLocation="https://maven.apache.org/surefire/maven-surefire-plugin/xsd/surefire-test-report.xsd" name="com.examly.springapp.SpringappApplicationTests" time="3.377" tests="18" errors="0" skipped="0" failures="16">
  <properties>
    <property name="java.specification.version" value="17"/>
    <property name="sun.jnu.encoding" value="UTF-8"/>
    <property name="java.class.path" value="/home/coder/project/workspace/springapp/target/test-classes:/home/coder/project/workspace/springapp/target/classes:/home/coder/.m2/repository/org/springframework/boot/spring-boot-starter-data-jpa/3.0.1/spring-boot-starter-data-jpa-3.0.1.jar:/home/coder/.m2/repository/org/springframework/boot/spring-boot-starter-aop/3.0.1/spring-boot-starter-aop-3.0.1.jar:/home/coder/.m2/repository/org/aspectj/aspectjweaver/1.9.19/aspectjweaver-1.9.19.jar:/home/coder/.m2/repository/org/springframework/boot/spring-boot-starter-jdbc/3.0.1/spring-boot-starter-jdbc-3.0.1.jar:/home/coder/.m2/repository/com/zaxxer/HikariCP/5.0.1/HikariCP-5.0.1.jar:/home/coder/.m2/repository/org/springframework/spring-jdbc/6.0.3/spring-jdbc-6.0.3.jar:/home/coder/.m2/repository/org/hibernate/orm/hibernate-core/6.1.6.Final/hibernate-core-6.1.6.Final.jar:/home/coder/.m2/repository/jakarta/persistence/jakarta.persistence-api/3.1.0/jakarta.persistence-api-3.1.0.jar:/home/coder/.m2/repository/jakarta/transaction/jakarta.transaction-api/2.0.1/jakarta.transaction-api-2.0.1.jar:/home/coder/.m2/repository/org/jboss/logging/jboss-logging/3.5.0.Final/jboss-logging-3.5.0.Final.jar:/home/coder/.m2/repository/org/hibernate/common/hibernate-commons-annotations/6.0.2.Final/hibernate-commons-annotations-6.0.2.Final.jar:/home/coder/.m2/repository/org/jboss/jandex/2.4.2.Final/jandex-2.4.2.Final.jar:/home/coder/.m2/repository/com/fasterxml/classmate/1.5.1/classmate-1.5.1.jar:/home/coder/.m2/repository/net/bytebuddy/byte-buddy/1.12.20/byte-buddy-1.12.20.jar:/home/coder/.m2/repository/org/glassfish/jaxb/jaxb-runtime/4.0.1/jaxb-runtime-4.0.1.jar:/home/coder/.m2/repository/org/glassfish/jaxb/jaxb-core/4.0.1/jaxb-core-4.0.1.jar:/home/coder/.m2/repository/org/glassfish/jaxb/txw2/4.0.1/txw2-4.0.1.jar:/home/coder/.m2/repository/com/sun/istack/istack-commons-runtime/4.1.1/istack-commons-runtime-4.1.1.jar:/home/coder/.m2/repository/jakarta/inject/jakarta.inject-api/2.0.0/jakarta.inject-api-2.0.0.jar:/home/coder/.m2/repository/org/antlr/antlr4-runtime/4.10.1/antlr4-runtime-4.10.1.jar:/home/coder/.m2/repository/org/springframework/data/spring-data-jpa/3.0.0/spring-data-jpa-3.0.0.jar:/home/coder/.m2/repository/org/springframework/data/spring-data-commons/3.0.0/spring-data-commons-3.0.0.jar:/home/coder/.m2/repository/org/springframework/spring-orm/6.0.3/spring-orm-6.0.3.jar:/home/coder/.m2/repository/org/springframework/spring-context/6.0.3/spring-context-6.0.3.jar:/home/coder/.m2/repository/org/springframework/spring-tx/6.0.3/spring-tx-6.0.3.jar:/home/coder/.m2/repository/org/springframework/spring-beans/6.0.3/spring-beans-6.0.3.jar:/home/coder/.m2/repository/jakarta/annotation/jakarta.annotation-api/2.1.1/jakarta.annotation-api-2.1.1.jar:/home/coder/.m2/repository/org/slf4j/slf4j-api/2.0.6/slf4j-api-2.0.6.jar:/home/coder/.m2/repository/org/springframework/spring-aspects/6.0.3/spring-aspects-6.0.3.jar:/home/coder/.m2/repository/org/springframework/boot/spring-boot-starter-security/3.0.1/spring-boot-starter-security-3.0.1.jar:/home/coder/.m2/repository/org/springframework/boot/spring-boot-starter/3.0.1/spring-boot-starter-3.0.1.jar:/home/coder/.m2/repository/org/springframework/boot/spring-boot-starter-logging/3.0.1/spring-boot-starter-logging-3.0.1.jar:/home/coder/.m2/repository/ch/qos/logback/logback-classic/1.4.5/logback-classic-1.4.5.jar:/home/coder/.m2/repository/ch/qos/logback/logback-core/1.4.5/logback-core-1.4.5.jar:/home/coder/.m2/repository/org/apache/logging/log4j/log4j-to-slf4j/2.19.0/log4j-to-slf4j-2.19.0.jar:/home/coder/.m2/repository/org/apache/logging/log4j/log4j-api/2.19.0/log4j-api-2.19.0.jar:/home/coder/.m2/repository/org/slf4j/jul-to-slf4j/2.0.6/jul-to-slf4j-2.0.6.jar:/home/coder/.m2/repository/org/yaml/snakeyaml/1.33/snakeyaml-1.33.jar:/home/coder/.m2/repository/org/springframework/spring-aop/6.0.3/spring-aop-6.0.3.jar:/home/coder/.m2/repository/org/springframework/security/spring-security-config/6.0.1/spring-security-config-6.0.1.jar:/home/coder/.m2/repository/org/springframework/security/spring-security-web/6.0.1/spring-security-web-6.0.1.jar:/home/coder/.m2/repository/org/springframework/spring-expression/6.0.3/spring-expression-6.0.3.jar:/home/coder/.m2/repository/org/springframework/boot/spring-boot-starter-web/3.0.1/spring-boot-starter-web-3.0.1.jar:/home/coder/.m2/repository/org/springframework/boot/spring-boot-starter-json/3.0.1/spring-boot-starter-json-3.0.1.jar:/home/coder/.m2/repository/com/fasterxml/jackson/datatype/jackson-datatype-jdk8/2.14.1/jackson-datatype-jdk8-2.14.1.jar:/home/coder/.m2/repository/com/fasterxml/jackson/datatype/jackson-datatype-jsr310/2.14.1/jackson-datatype-jsr310-2.14.1.jar:/home/coder/.m2/repository/com/fasterxml/jackson/module/jackson-module-parameter-names/2.14.1/jackson-module-parameter-names-2.14.1.jar:/home/coder/.m2/repository/org/springframework/boot/spring-boot-starter-tomcat/3.0.1/spring-boot-starter-tomcat-3.0.1.jar:/home/coder/.m2/repository/org/apache/tomcat/embed/tomcat-embed-core/10.1.4/tomcat-embed-core-10.1.4.jar:/home/coder/.m2/repository/org/apache/tomcat/embed/tomcat-embed-el/10.1.4/tomcat-embed-el-10.1.4.jar:/home/coder/.m2/repository/org/apache/tomcat/embed/tomcat-embed-websocket/10.1.4/tomcat-embed-websocket-10.1.4.jar:/home/coder/.m2/repository/org/springframework/spring-web/6.0.3/spring-web-6.0.3.jar:/home/coder/.m2/repository/io/micrometer/micrometer-observation/1.10.2/micrometer-observation-1.10.2.jar:/home/coder/.m2/repository/io/micrometer/micrometer-commons/1.10.2/micrometer-commons-1.10.2.jar:/home/coder/.m2/repository/org/springframework/spring-webmvc/6.0.3/spring-webmvc-6.0.3.jar:/home/coder/.m2/repository/org/springframework/boot/spring-boot-starter-web-services/3.0.1/spring-boot-starter-web-services-3.0.1.jar:/home/coder/.m2/repository/com/sun/xml/messaging/saaj/saaj-impl/3.0.0/saaj-impl-3.0.0.jar:/home/coder/.m2/repository/jakarta/xml/soap/jakarta.xml.soap-api/3.0.0/jakarta.xml.soap-api-3.0.0.jar:/home/coder/.m2/repository/org/jvnet/staxex/stax-ex/2.1.0/stax-ex-2.1.0.jar:/home/coder/.m2/repository/jakarta/activation/jakarta.activation-api/2.1.0/jakarta.activation-api-2.1.0.jar:/home/coder/.m2/repository/org/eclipse/angus/angus-activation/1.0.0/angus-activation-1.0.0.jar:/home/coder/.m2/repository/jakarta/xml/ws/jakarta.xml.ws-api/4.0.0/jakarta.xml.ws-api-4.0.0.jar:/home/coder/.m2/repository/org/springframework/spring-oxm/6.0.3/spring-oxm-6.0.3.jar:/home/coder/.m2/repository/org/springframework/ws/spring-ws-core/4.0.0/spring-ws-core-4.0.0.jar:/home/coder/.m2/repository/org/springframework/ws/spring-xml/4.0.0/spring-xml-4.0.0.jar:/home/coder/.m2/repository/com/sun/xml/bind/jaxb-impl/4.0.1/jaxb-impl-4.0.1.jar:/home/coder/.m2/repository/com/sun/xml/bind/jaxb-core/4.0.1/jaxb-core-4.0.1.jar:/home/coder/.m2/repository/org/springframework/boot/spring-boot-devtools/3.0.1/spring-boot-devtools-3.0.1.jar:/home/coder/.m2/repository/org/springframework/boot/spring-boot/3.0.1/spring-boot-3.0.1.jar:/home/coder/.m2/repository/org/springframework/boot/spring-boot-autoconfigure/3.0.1/spring-boot-autoconfigure-3.0.1.jar:/home/coder/.m2/repository/com/mysql/mysql-connector-j/8.0.31/mysql-connector-j-8.0.31.jar:/home/coder/.m2/repository/org/springframework/boot/spring-boot-starter-test/3.0.1/spring-boot-starter-test-3.0.1.jar:/home/coder/.m2/repository/org/springframework/boot/spring-boot-test/3.0.1/spring-boot-test-3.0.1.jar:/home/coder/.m2/repository/org/springframework/boot/spring-boot-test-autoconfigure/3.0.1/spring-boot-test-autoconfigure-3.0.1.jar:/home/coder/.m2/repository/com/jayway/jsonpath/json-path/2.7.0/json-path-2.7.0.jar:/home/coder/.m2/repository/net/minidev/json-smart/2.4.8/json-smart-2.4.8.jar:/home/coder/.m2/repository/net/minidev/accessors-smart/2.4.8/accessors-smart-2.4.8.jar:/home/coder/.m2/repository/org/ow2/asm/asm/9.1/asm-9.1.jar:/home/coder/.m2/repository/jakarta/xml/bind/jakarta.xml.bind-api/4.0.0/jakarta.xml.bind-api-4.0.0.jar:/home/coder/.m2/repository/org/assertj/assertj-core/3.23.1/assertj-core-3.23.1.jar:/home/coder/.m2/repository/org/hamcrest/hamcrest/2.2/hamcrest-2.2.jar:/home/coder/.m2/repository/org/junit/jupiter/junit-jupiter/5.9.1/junit-jupiter-5.9.1.jar:/home/coder/.m2/repository/org/junit/jupiter/junit-jupiter-api/5.9.1/junit-jupiter-api-5.9.1.jar:/home/coder/.m2/repository/org/opentest4j/opentest4j/1.2.0/opentest4j-1.2.0.jar:/home/coder/.m2/repository/org/junit/platform/junit-platform-commons/1.9.1/junit-platform-commons-1.9.1.jar:/home/coder/.m2/repository/org/apiguardian/apiguardian-api/1.1.2/apiguardian-api-1.1.2.jar:/home/coder/.m2/repository/org/junit/jupiter/junit-jupiter-params/5.9.1/junit-jupiter-params-5.9.1.jar:/home/coder/.m2/repository/org/junit/jupiter/junit-jupiter-engine/5.9.1/junit-jupiter-engine-5.9.1.jar:/home/coder/.m2/repository/org/junit/platform/junit-platform-engine/1.9.1/junit-platform-engine-1.9.1.jar:/home/coder/.m2/repository/org/mockito/mockito-core/4.8.1/mockito-core-4.8.1.jar:/home/coder/.m2/repository/net/bytebuddy/byte-buddy-agent/1.12.20/byte-buddy-agent-1.12.20.jar:/home/coder/.m2/repository/org/objenesis/objenesis/3.2/objenesis-3.2.jar:/home/coder/.m2/repository/org/mockito/mockito-junit-jupiter/4.8.1/mockito-junit-jupiter-4.8.1.jar:/home/coder/.m2/repository/org/skyscreamer/jsonassert/1.5.1/jsonassert-1.5.1.jar:/home/coder/.m2/repository/com/vaadin/external/google/android-json/0.0.20131108.vaadin1/android-json-0.0.20131108.vaadin1.jar:/home/coder/.m2/repository/org/springframework/spring-core/6.0.3/spring-core-6.0.3.jar:/home/coder/.m2/repository/org/springframework/spring-jcl/6.0.3/spring-jcl-6.0.3.jar:/home/coder/.m2/repository/org/springframework/spring-test/6.0.3/spring-test-6.0.3.jar:/home/coder/.m2/repository/org/xmlunit/xmlunit-core/2.9.0/xmlunit-core-2.9.0.jar:/home/coder/.m2/repository/io/jsonwebtoken/jjwt/0.9.1/jjwt-0.9.1.jar:/home/coder/.m2/repository/com/fasterxml/jackson/core/jackson-databind/2.14.1/jackson-databind-2.14.1.jar:/home/coder/.m2/repository/com/fasterxml/jackson/core/jackson-annotations/2.14.1/jackson-annotations-2.14.1.jar:/home/coder/.m2/repository/com/fasterxml/jackson/core/jackson-core/2.14.1/jackson-core-2.14.1.jar:/home/coder/.m2/repository/javax/xml/bind/jaxb-api/2.3.1/jaxb-api-2.3.1.jar:/home/coder/.m2/repository/javax/activation/javax.activation-api/1.2.0/javax.activation-api-1.2.0.jar:/home/coder/.m2/repository/org/springframework/security/spring-security-test/6.0.1/spring-security-test-6.0.1.jar:/home/coder/.m2/repository/org/springframework/security/spring-security-core/6.0.1/spring-security-core-6.0.1.jar:/home/coder/.m2/repository/org/springframework/security/spring-security-crypto/6.0.1/spring-security-crypto-6.0.1.jar:"/>
    <property name="java.vm.vendor" value="Debian"/>
    <property name="sun.arch.data.model" value="64"/>
    <property name="java.vendor.url" value="https://tracker.debian.org/openjdk-17"/>
    <property name="os.name" value="Linux"/>
    <property name="java.vm.specification.version" value="17"/>
    <property name="sun.java.launcher" value="SUN_STANDARD"/>
    <property name="user.country" value="US"/>
    <property name="sun.boot.library.path" value="/usr/lib/jvm/java-17-openjdk-amd64/lib"/>
    <property name="sun.java.command" value="/home/coder/project/workspace/springapp/target/surefire/surefirebooter8029162307682380669.jar /home/coder/project/workspace/springapp/target/surefire 2025-06-26T06-19-10_886-jvmRun1 surefire5117749610007647974tmp surefire_0791831083941792676tmp"/>
    <property name="jdk.debug" value="release"/>
    <property name="surefire.test.class.path" value="/home/coder/project/workspace/springapp/target/test-classes:/home/coder/project/workspace/springapp/target/classes:/home/coder/.m2/repository/org/springframework/boot/spring-boot-starter-data-jpa/3.0.1/spring-boot-starter-data-jpa-3.0.1.jar:/home/coder/.m2/repository/org/springframework/boot/spring-boot-starter-aop/3.0.1/spring-boot-starter-aop-3.0.1.jar:/home/coder/.m2/repository/org/aspectj/aspectjweaver/1.9.19/aspectjweaver-1.9.19.jar:/home/coder/.m2/repository/org/springframework/boot/spring-boot-starter-jdbc/3.0.1/spring-boot-starter-jdbc-3.0.1.jar:/home/coder/.m2/repository/com/zaxxer/HikariCP/5.0.1/HikariCP-5.0.1.jar:/home/coder/.m2/repository/org/springframework/spring-jdbc/6.0.3/spring-jdbc-6.0.3.jar:/home/coder/.m2/repository/org/hibernate/orm/hibernate-core/6.1.6.Final/hibernate-core-6.1.6.Final.jar:/home/coder/.m2/repository/jakarta/persistence/jakarta.persistence-api/3.1.0/jakarta.persistence-api-3.1.0.jar:/home/coder/.m2/repository/jakarta/transaction/jakarta.transaction-api/2.0.1/jakarta.transaction-api-2.0.1.jar:/home/coder/.m2/repository/org/jboss/logging/jboss-logging/3.5.0.Final/jboss-logging-3.5.0.Final.jar:/home/coder/.m2/repository/org/hibernate/common/hibernate-commons-annotations/6.0.2.Final/hibernate-commons-annotations-6.0.2.Final.jar:/home/coder/.m2/repository/org/jboss/jandex/2.4.2.Final/jandex-2.4.2.Final.jar:/home/coder/.m2/repository/com/fasterxml/classmate/1.5.1/classmate-1.5.1.jar:/home/coder/.m2/repository/net/bytebuddy/byte-buddy/1.12.20/byte-buddy-1.12.20.jar:/home/coder/.m2/repository/org/glassfish/jaxb/jaxb-runtime/4.0.1/jaxb-runtime-4.0.1.jar:/home/coder/.m2/repository/org/glassfish/jaxb/jaxb-core/4.0.1/jaxb-core-4.0.1.jar:/home/coder/.m2/repository/org/glassfish/jaxb/txw2/4.0.1/txw2-4.0.1.jar:/home/coder/.m2/repository/com/sun/istack/istack-commons-runtime/4.1.1/istack-commons-runtime-4.1.1.jar:/home/coder/.m2/repository/jakarta/inject/jakarta.inject-api/2.0.0/jakarta.inject-api-2.0.0.jar:/home/coder/.m2/repository/org/antlr/antlr4-runtime/4.10.1/antlr4-runtime-4.10.1.jar:/home/coder/.m2/repository/org/springframework/data/spring-data-jpa/3.0.0/spring-data-jpa-3.0.0.jar:/home/coder/.m2/repository/org/springframework/data/spring-data-commons/3.0.0/spring-data-commons-3.0.0.jar:/home/coder/.m2/repository/org/springframework/spring-orm/6.0.3/spring-orm-6.0.3.jar:/home/coder/.m2/repository/org/springframework/spring-context/6.0.3/spring-context-6.0.3.jar:/home/coder/.m2/repository/org/springframework/spring-tx/6.0.3/spring-tx-6.0.3.jar:/home/coder/.m2/repository/org/springframework/spring-beans/6.0.3/spring-beans-6.0.3.jar:/home/coder/.m2/repository/jakarta/annotation/jakarta.annotation-api/2.1.1/jakarta.annotation-api-2.1.1.jar:/home/coder/.m2/repository/org/slf4j/slf4j-api/2.0.6/slf4j-api-2.0.6.jar:/home/coder/.m2/repository/org/springframework/spring-aspects/6.0.3/spring-aspects-6.0.3.jar:/home/coder/.m2/repository/org/springframework/boot/spring-boot-starter-security/3.0.1/spring-boot-starter-security-3.0.1.jar:/home/coder/.m2/repository/org/springframework/boot/spring-boot-starter/3.0.1/spring-boot-starter-3.0.1.jar:/home/coder/.m2/repository/org/springframework/boot/spring-boot-starter-logging/3.0.1/spring-boot-starter-logging-3.0.1.jar:/home/coder/.m2/repository/ch/qos/logback/logback-classic/1.4.5/logback-classic-1.4.5.jar:/home/coder/.m2/repository/ch/qos/logback/logback-core/1.4.5/logback-core-1.4.5.jar:/home/coder/.m2/repository/org/apache/logging/log4j/log4j-to-slf4j/2.19.0/log4j-to-slf4j-2.19.0.jar:/home/coder/.m2/repository/org/apache/logging/log4j/log4j-api/2.19.0/log4j-api-2.19.0.jar:/home/coder/.m2/repository/org/slf4j/jul-to-slf4j/2.0.6/jul-to-slf4j-2.0.6.jar:/home/coder/.m2/repository/org/yaml/snakeyaml/1.33/snakeyaml-1.33.jar:/home/coder/.m2/repository/org/springframework/spring-aop/6.0.3/spring-aop-6.0.3.jar:/home/coder/.m2/repository/org/springframework/security/spring-security-config/6.0.1/spring-security-config-6.0.1.jar:/home/coder/.m2/repository/org/springframework/security/spring-security-web/6.0.1/spring-security-web-6.0.1.jar:/home/coder/.m2/repository/org/springframework/spring-expression/6.0.3/spring-expression-6.0.3.jar:/home/coder/.m2/repository/org/springframework/boot/spring-boot-starter-web/3.0.1/spring-boot-starter-web-3.0.1.jar:/home/coder/.m2/repository/org/springframework/boot/spring-boot-starter-json/3.0.1/spring-boot-starter-json-3.0.1.jar:/home/coder/.m2/repository/com/fasterxml/jackson/datatype/jackson-datatype-jdk8/2.14.1/jackson-datatype-jdk8-2.14.1.jar:/home/coder/.m2/repository/com/fasterxml/jackson/datatype/jackson-datatype-jsr310/2.14.1/jackson-datatype-jsr310-2.14.1.jar:/home/coder/.m2/repository/com/fasterxml/jackson/module/jackson-module-parameter-names/2.14.1/jackson-module-parameter-names-2.14.1.jar:/home/coder/.m2/repository/org/springframework/boot/spring-boot-starter-tomcat/3.0.1/spring-boot-starter-tomcat-3.0.1.jar:/home/coder/.m2/repository/org/apache/tomcat/embed/tomcat-embed-core/10.1.4/tomcat-embed-core-10.1.4.jar:/home/coder/.m2/repository/org/apache/tomcat/embed/tomcat-embed-el/10.1.4/tomcat-embed-el-10.1.4.jar:/home/coder/.m2/repository/org/apache/tomcat/embed/tomcat-embed-websocket/10.1.4/tomcat-embed-websocket-10.1.4.jar:/home/coder/.m2/repository/org/springframework/spring-web/6.0.3/spring-web-6.0.3.jar:/home/coder/.m2/repository/io/micrometer/micrometer-observation/1.10.2/micrometer-observation-1.10.2.jar:/home/coder/.m2/repository/io/micrometer/micrometer-commons/1.10.2/micrometer-commons-1.10.2.jar:/home/coder/.m2/repository/org/springframework/spring-webmvc/6.0.3/spring-webmvc-6.0.3.jar:/home/coder/.m2/repository/org/springframework/boot/spring-boot-starter-web-services/3.0.1/spring-boot-starter-web-services-3.0.1.jar:/home/coder/.m2/repository/com/sun/xml/messaging/saaj/saaj-impl/3.0.0/saaj-impl-3.0.0.jar:/home/coder/.m2/repository/jakarta/xml/soap/jakarta.xml.soap-api/3.0.0/jakarta.xml.soap-api-3.0.0.jar:/home/coder/.m2/repository/org/jvnet/staxex/stax-ex/2.1.0/stax-ex-2.1.0.jar:/home/coder/.m2/repository/jakarta/activation/jakarta.activation-api/2.1.0/jakarta.activation-api-2.1.0.jar:/home/coder/.m2/repository/org/eclipse/angus/angus-activation/1.0.0/angus-activation-1.0.0.jar:/home/coder/.m2/repository/jakarta/xml/ws/jakarta.xml.ws-api/4.0.0/jakarta.xml.ws-api-4.0.0.jar:/home/coder/.m2/repository/org/springframework/spring-oxm/6.0.3/spring-oxm-6.0.3.jar:/home/coder/.m2/repository/org/springframework/ws/spring-ws-core/4.0.0/spring-ws-core-4.0.0.jar:/home/coder/.m2/repository/org/springframework/ws/spring-xml/4.0.0/spring-xml-4.0.0.jar:/home/coder/.m2/repository/com/sun/xml/bind/jaxb-impl/4.0.1/jaxb-impl-4.0.1.jar:/home/coder/.m2/repository/com/sun/xml/bind/jaxb-core/4.0.1/jaxb-core-4.0.1.jar:/home/coder/.m2/repository/org/springframework/boot/spring-boot-devtools/3.0.1/spring-boot-devtools-3.0.1.jar:/home/coder/.m2/repository/org/springframework/boot/spring-boot/3.0.1/spring-boot-3.0.1.jar:/home/coder/.m2/repository/org/springframework/boot/spring-boot-autoconfigure/3.0.1/spring-boot-autoconfigure-3.0.1.jar:/home/coder/.m2/repository/com/mysql/mysql-connector-j/8.0.31/mysql-connector-j-8.0.31.jar:/home/coder/.m2/repository/org/springframework/boot/spring-boot-starter-test/3.0.1/spring-boot-starter-test-3.0.1.jar:/home/coder/.m2/repository/org/springframework/boot/spring-boot-test/3.0.1/spring-boot-test-3.0.1.jar:/home/coder/.m2/repository/org/springframework/boot/spring-boot-test-autoconfigure/3.0.1/spring-boot-test-autoconfigure-3.0.1.jar:/home/coder/.m2/repository/com/jayway/jsonpath/json-path/2.7.0/json-path-2.7.0.jar:/home/coder/.m2/repository/net/minidev/json-smart/2.4.8/json-smart-2.4.8.jar:/home/coder/.m2/repository/net/minidev/accessors-smart/2.4.8/accessors-smart-2.4.8.jar:/home/coder/.m2/repository/org/ow2/asm/asm/9.1/asm-9.1.jar:/home/coder/.m2/repository/jakarta/xml/bind/jakarta.xml.bind-api/4.0.0/jakarta.xml.bind-api-4.0.0.jar:/home/coder/.m2/repository/org/assertj/assertj-core/3.23.1/assertj-core-3.23.1.jar:/home/coder/.m2/repository/org/hamcrest/hamcrest/2.2/hamcrest-2.2.jar:/home/coder/.m2/repository/org/junit/jupiter/junit-jupiter/5.9.1/junit-jupiter-5.9.1.jar:/home/coder/.m2/repository/org/junit/jupiter/junit-jupiter-api/5.9.1/junit-jupiter-api-5.9.1.jar:/home/coder/.m2/repository/org/opentest4j/opentest4j/1.2.0/opentest4j-1.2.0.jar:/home/coder/.m2/repository/org/junit/platform/junit-platform-commons/1.9.1/junit-platform-commons-1.9.1.jar:/home/coder/.m2/repository/org/apiguardian/apiguardian-api/1.1.2/apiguardian-api-1.1.2.jar:/home/coder/.m2/repository/org/junit/jupiter/junit-jupiter-params/5.9.1/junit-jupiter-params-5.9.1.jar:/home/coder/.m2/repository/org/junit/jupiter/junit-jupiter-engine/5.9.1/junit-jupiter-engine-5.9.1.jar:/home/coder/.m2/repository/org/junit/platform/junit-platform-engine/1.9.1/junit-platform-engine-1.9.1.jar:/home/coder/.m2/repository/org/mockito/mockito-core/4.8.1/mockito-core-4.8.1.jar:/home/coder/.m2/repository/net/bytebuddy/byte-buddy-agent/1.12.20/byte-buddy-agent-1.12.20.jar:/home/coder/.m2/repository/org/objenesis/objenesis/3.2/objenesis-3.2.jar:/home/coder/.m2/repository/org/mockito/mockito-junit-jupiter/4.8.1/mockito-junit-jupiter-4.8.1.jar:/home/coder/.m2/repository/org/skyscreamer/jsonassert/1.5.1/jsonassert-1.5.1.jar:/home/coder/.m2/repository/com/vaadin/external/google/android-json/0.0.20131108.vaadin1/android-json-0.0.20131108.vaadin1.jar:/home/coder/.m2/repository/org/springframework/spring-core/6.0.3/spring-core-6.0.3.jar:/home/coder/.m2/repository/org/springframework/spring-jcl/6.0.3/spring-jcl-6.0.3.jar:/home/coder/.m2/repository/org/springframework/spring-test/6.0.3/spring-test-6.0.3.jar:/home/coder/.m2/repository/org/xmlunit/xmlunit-core/2.9.0/xmlunit-core-2.9.0.jar:/home/coder/.m2/repository/io/jsonwebtoken/jjwt/0.9.1/jjwt-0.9.1.jar:/home/coder/.m2/repository/com/fasterxml/jackson/core/jackson-databind/2.14.1/jackson-databind-2.14.1.jar:/home/coder/.m2/repository/com/fasterxml/jackson/core/jackson-annotations/2.14.1/jackson-annotations-2.14.1.jar:/home/coder/.m2/repository/com/fasterxml/jackson/core/jackson-core/2.14.1/jackson-core-2.14.1.jar:/home/coder/.m2/repository/javax/xml/bind/jaxb-api/2.3.1/jaxb-api-2.3.1.jar:/home/coder/.m2/repository/javax/activation/javax.activation-api/1.2.0/javax.activation-api-1.2.0.jar:/home/coder/.m2/repository/org/springframework/security/spring-security-test/6.0.1/spring-security-test-6.0.1.jar:/home/coder/.m2/repository/org/springframework/security/spring-security-core/6.0.1/spring-security-core-6.0.1.jar:/home/coder/.m2/repository/org/springframework/security/spring-security-crypto/6.0.1/spring-security-crypto-6.0.1.jar:"/>
    <property name="sun.cpu.endian" value="little"/>
    <property name="user.home" value="/home/coder"/>
    <property name="user.language" value="en"/>
    <property name="java.specification.vendor" value="Oracle Corporation"/>
    <property name="java.version.date" value="2025-04-15"/>
    <property name="java.home" value="/usr/lib/jvm/java-17-openjdk-amd64"/>
    <property name="file.separator" value="/"/>
    <property name="basedir" value="/home/coder/project/workspace/springapp"/>
    <property name="java.vm.compressedOopsMode" value="32-bit"/>
    <property name="line.separator" value="&#10;"/>
    <property name="java.vm.specification.vendor" value="Oracle Corporation"/>
    <property name="java.specification.name" value="Java Platform API Specification"/>
    <property name="surefire.real.class.path" value="/home/coder/project/workspace/springapp/target/surefire/surefirebooter8029162307682380669.jar"/>
    <property name="sun.management.compiler" value="HotSpot 64-Bit Tiered Compilers"/>
    <property name="java.runtime.version" value="17.0.15+6-Debian-1deb11u1"/>
    <property name="user.name" value="coder"/>
    <property name="path.separator" value=":"/>
    <property name="os.version" value="5.15.0-1090-azure"/>
    <property name="java.runtime.name" value="OpenJDK Runtime Environment"/>
    <property name="file.encoding" value="UTF-8"/>
    <property name="java.vm.name" value="OpenJDK 64-Bit Server VM"/>
    <property name="localRepository" value="/home/coder/.m2/repository"/>
    <property name="java.vendor.url.bug" value="https://bugs.debian.org/openjdk-17"/>
    <property name="java.io.tmpdir" value="/tmp"/>
    <property name="java.version" value="17.0.15"/>
    <property name="user.dir" value="/home/coder/project/workspace/springapp"/>
    <property name="os.arch" value="amd64"/>
    <property name="java.vm.specification.name" value="Java Virtual Machine Specification"/>
    <property name="native.encoding" value="UTF-8"/>
    <property name="java.library.path" value="/usr/java/packages/lib:/usr/lib/x86_64-linux-gnu/jni:/lib/x86_64-linux-gnu:/usr/lib/x86_64-linux-gnu:/usr/lib/jni:/lib:/usr/lib"/>
    <property name="java.vm.info" value="mixed mode, sharing"/>
    <property name="java.vendor" value="Debian"/>
    <property name="java.vm.version" value="17.0.15+6-Debian-1deb11u1"/>
    <property name="java.specification.maintenance.version" value="1"/>
    <property name="sun.io.unicode.encoding" value="UnicodeLittle"/>
    <property name="java.class.version" value="61.0"/>
  </properties>
  <testcase name="backend_day15_testControllerFolder" classname="com.examly.springapp.SpringappApplicationTests" time="0.24"/>
  <testcase name="backend_day15_testControllerFileTest" classname="com.examly.springapp.SpringappApplicationTests" time="0.003"/>
  <testcase name="backend_day15_testWelcomeApi" classname="com.examly.springapp.SpringappApplicationTests" time="0.099">
    <failure message="Status expected:&lt;200&gt; but was:&lt;401&gt;" type="java.lang.AssertionError"><![CDATA[java.lang.AssertionError: Status expected:<200> but was:<401>
	at com.examly.springapp.SpringappApplicationTests.backend_day15_testWelcomeApi(SpringappApplicationTests.java:64)
]]></failure>
    <system-out><![CDATA[2025-06-26T06:19:14.725Z DEBUG 4386 --- [           main] o.s.security.web.FilterChainProxy        : Securing GET /api/test/welcome
2025-06-26T06:19:14.732Z DEBUG 4386 --- [           main] o.s.s.w.a.AnonymousAuthenticationFilter  : Set SecurityContextHolder to anonymous SecurityContext
2025-06-26T06:19:14.736Z DEBUG 4386 --- [           main] o.s.s.w.s.HttpSessionRequestCache        : Saved request http://localhost/api/test/welcome?continue to session
2025-06-26T06:19:14.740Z DEBUG 4386 --- [           main] s.w.a.DelegatingAuthenticationEntryPoint : Trying to match using And [Not [RequestHeaderRequestMatcher [expectedHeaderName=X-Requested-With, expectedHeaderValue=XMLHttpRequest]], MediaTypeRequestMatcher [contentNegotiationStrategy=org.springframework.web.accept.ContentNegotiationManager@566f4659, matchingMediaTypes=[application/xhtml+xml, image/*, text/html, text/plain], useEquals=false, ignoredMediaTypes=[*/*]]]
2025-06-26T06:19:14.741Z DEBUG 4386 --- [           main] s.w.a.DelegatingAuthenticationEntryPoint : Trying to match using Or [RequestHeaderRequestMatcher [expectedHeaderName=X-Requested-With, expectedHeaderValue=XMLHttpRequest], And [Not [MediaTypeRequestMatcher [contentNegotiationStrategy=org.springframework.web.accept.ContentNegotiationManager@566f4659, matchingMediaTypes=[text/html], useEquals=false, ignoredMediaTypes=[]]], MediaTypeRequestMatcher [contentNegotiationStrategy=org.springframework.web.accept.ContentNegotiationManager@566f4659, matchingMediaTypes=[application/atom+xml, application/x-www-form-urlencoded, application/json, application/octet-stream, application/xml, multipart/form-data, text/xml], useEquals=false, ignoredMediaTypes=[*/*]]], MediaTypeRequestMatcher [contentNegotiationStrategy=org.springframework.web.accept.ContentNegotiationManager@566f4659, matchingMediaTypes=[*/*], useEquals=true, ignoredMediaTypes=[]]]
2025-06-26T06:19:14.741Z DEBUG 4386 --- [           main] s.w.a.DelegatingAuthenticationEntryPoint : Match found! Executing org.springframework.security.web.authentication.DelegatingAuthenticationEntryPoint@128a188a
2025-06-26T06:19:14.741Z DEBUG 4386 --- [           main] s.w.a.DelegatingAuthenticationEntryPoint : Trying to match using RequestHeaderRequestMatcher [expectedHeaderName=X-Requested-With, expectedHeaderValue=XMLHttpRequest]
2025-06-26T06:19:14.741Z DEBUG 4386 --- [           main] s.w.a.DelegatingAuthenticationEntryPoint : No match found. Using default entry point org.springframework.security.web.authentication.www.BasicAuthenticationEntryPoint@6b43b101

MockHttpServletRequest:
      HTTP Method = GET
      Request URI = /api/test/welcome
       Parameters = {}
          Headers = []
             Body = null
    Session Attrs = {SPRING_SECURITY_SAVED_REQUEST=DefaultSavedRequest [http://localhost/api/test/welcome?continue]}

Handler:
             Type = null

Async:
    Async started = false
     Async result = null

Resolved Exception:
             Type = null

ModelAndView:
        View name = null
             View = null
            Model = null

FlashMap:
       Attributes = null

MockHttpServletResponse:
           Status = 401
    Error message = Unauthorized
          Headers = [WWW-Authenticate:"Basic realm="Realm"", X-Content-Type-Options:"nosniff", X-XSS-Protection:"0", Cache-Control:"no-cache, no-store, max-age=0, must-revalidate", Pragma:"no-cache", Expires:"0", X-Frame-Options:"DENY"]
     Content type = null
             Body = 
    Forwarded URL = null
   Redirected URL = null
          Cookies = []
]]></system-out>
  </testcase>
  <testcase name="backend_day16_testEntityFolder" classname="com.examly.springapp.SpringappApplicationTests" time="0">
    <failure message="expected: &lt;true&gt; but was: &lt;false&gt;" type="org.opentest4j.AssertionFailedError"><![CDATA[org.opentest4j.AssertionFailedError: expected: <true> but was: <false>
	at com.examly.springapp.SpringappApplicationTests.backend_day16_testEntityFolder(SpringappApplicationTests.java:77)
]]></failure>
  </testcase>
  <testcase name="backend_day16_testentityFileMovie" classname="com.examly.springapp.SpringappApplicationTests" time="0.001">
    <failure message="expected: &lt;true&gt; but was: &lt;false&gt;" type="org.opentest4j.AssertionFailedError"><![CDATA[org.opentest4j.AssertionFailedError: expected: <true> but was: <false>
	at com.examly.springapp.SpringappApplicationTests.backend_day16_testentityFileMovie(SpringappApplicationTests.java:88)
]]></failure>
  </testcase>
  <testcase name="backend_day16_testGetAllMovieList" classname="com.examly.springapp.SpringappApplicationTests" time="0.038">
    <failure message="Status expected:&lt;200&gt; but was:&lt;401&gt;" type="java.lang.AssertionError"><![CDATA[java.lang.AssertionError: Status expected:<200> but was:<401>
	at com.examly.springapp.SpringappApplicationTests.backend_day16_testGetAllMovieList(SpringappApplicationTests.java:97)
]]></failure>
    <system-out><![CDATA[2025-06-26T06:19:14.769Z DEBUG 4386 --- [           main] o.s.security.web.FilterChainProxy        : Securing GET /api/test/movie
2025-06-26T06:19:14.769Z DEBUG 4386 --- [           main] o.s.s.w.a.AnonymousAuthenticationFilter  : Set SecurityContextHolder to anonymous SecurityContext
2025-06-26T06:19:14.770Z DEBUG 4386 --- [           main] s.w.a.DelegatingAuthenticationEntryPoint : Trying to match using And [Not [RequestHeaderRequestMatcher [expectedHeaderName=X-Requested-With, expectedHeaderValue=XMLHttpRequest]], MediaTypeRequestMatcher [contentNegotiationStrategy=org.springframework.web.accept.ContentNegotiationManager@566f4659, matchingMediaTypes=[application/xhtml+xml, image/*, text/html, text/plain], useEquals=false, ignoredMediaTypes=[*/*]]]
2025-06-26T06:19:14.771Z DEBUG 4386 --- [           main] s.w.a.DelegatingAuthenticationEntryPoint : Trying to match using Or [RequestHeaderRequestMatcher [expectedHeaderName=X-Requested-With, expectedHeaderValue=XMLHttpRequest], And [Not [MediaTypeRequestMatcher [contentNegotiationStrategy=org.springframework.web.accept.ContentNegotiationManager@566f4659, matchingMediaTypes=[text/html], useEquals=false, ignoredMediaTypes=[]]], MediaTypeRequestMatcher [contentNegotiationStrategy=org.springframework.web.accept.ContentNegotiationManager@566f4659, matchingMediaTypes=[application/atom+xml, application/x-www-form-urlencoded, application/json, application/octet-stream, application/xml, multipart/form-data, text/xml], useEquals=false, ignoredMediaTypes=[*/*]]], MediaTypeRequestMatcher [contentNegotiationStrategy=org.springframework.web.accept.ContentNegotiationManager@566f4659, matchingMediaTypes=[*/*], useEquals=true, ignoredMediaTypes=[]]]
2025-06-26T06:19:14.771Z DEBUG 4386 --- [           main] s.w.a.DelegatingAuthenticationEntryPoint : Match found! Executing org.springframework.security.web.authentication.DelegatingAuthenticationEntryPoint@128a188a
2025-06-26T06:19:14.772Z DEBUG 4386 --- [           main] s.w.a.DelegatingAuthenticationEntryPoint : Trying to match using RequestHeaderRequestMatcher [expectedHeaderName=X-Requested-With, expectedHeaderValue=XMLHttpRequest]
2025-06-26T06:19:14.772Z DEBUG 4386 --- [           main] s.w.a.DelegatingAuthenticationEntryPoint : No match found. Using default entry point org.springframework.security.web.authentication.www.BasicAuthenticationEntryPoint@6b43b101

MockHttpServletRequest:
      HTTP Method = GET
      Request URI = /api/test/movie
       Parameters = {}
          Headers = [Accept:"application/json"]
             Body = null
    Session Attrs = {}

Handler:
             Type = null

Async:
    Async started = false
     Async result = null

Resolved Exception:
             Type = null

ModelAndView:
        View name = null
             View = null
            Model = null

FlashMap:
       Attributes = null

MockHttpServletResponse:
           Status = 401
    Error message = Unauthorized
          Headers = [WWW-Authenticate:"Basic realm="Realm"", X-Content-Type-Options:"nosniff", X-XSS-Protection:"0", Cache-Control:"no-cache, no-store, max-age=0, must-revalidate", Pragma:"no-cache", Expires:"0", X-Frame-Options:"DENY"]
     Content type = null
             Body = 
    Forwarded URL = null
   Redirected URL = null
          Cookies = []
]]></system-out>
  </testcase>
  <testcase name="backend_day17_testcontrollerMovieFile" classname="com.examly.springapp.SpringappApplicationTests" time="0">
    <failure message="expected: &lt;true&gt; but was: &lt;false&gt;" type="org.opentest4j.AssertionFailedError"><![CDATA[org.opentest4j.AssertionFailedError: expected: <true> but was: <false>
	at com.examly.springapp.SpringappApplicationTests.backend_day17_testcontrollerMovieFile(SpringappApplicationTests.java:109)
]]></failure>
  </testcase>
  <testcase name="backend_day17_testserviceMovieFile" classname="com.examly.springapp.SpringappApplicationTests" time="0">
    <failure message="expected: &lt;true&gt; but was: &lt;false&gt;" type="org.opentest4j.AssertionFailedError"><![CDATA[org.opentest4j.AssertionFailedError: expected: <true> but was: <false>
	at com.examly.springapp.SpringappApplicationTests.backend_day17_testserviceMovieFile(SpringappApplicationTests.java:119)
]]></failure>
  </testcase>
  <testcase name="backend_day17_testAddMovie" classname="com.examly.springapp.SpringappApplicationTests" time="0.025">
    <failure message="Status expected:&lt;200&gt; but was:&lt;403&gt;" type="java.lang.AssertionError"><![CDATA[java.lang.AssertionError: Status expected:<200> but was:<403>
	at com.examly.springapp.SpringappApplicationTests.backend_day17_testAddMovie(SpringappApplicationTests.java:131)
]]></failure>
    <system-out><![CDATA[2025-06-26T06:19:14.785Z DEBUG 4386 --- [           main] o.s.security.web.FilterChainProxy        : Securing POST /api/movie
2025-06-26T06:19:14.787Z DEBUG 4386 --- [           main] o.s.security.web.csrf.CsrfFilter         : Invalid CSRF token found for http://localhost/api/movie
2025-06-26T06:19:14.788Z DEBUG 4386 --- [           main] o.s.s.w.access.AccessDeniedHandlerImpl   : Responding with 403 status code

MockHttpServletRequest:
      HTTP Method = POST
      Request URI = /api/movie
       Parameters = {}
          Headers = [Content-Type:"application/json;charset=UTF-8", Accept:"application/json", Content-Length:"69"]
             Body = {"id": 201, "title": "Inception", "genre": "Sci-Fi", "duration": 148}
    Session Attrs = {org.springframework.security.web.csrf.HttpSessionCsrfTokenRepository.CSRF_TOKEN=org.springframework.security.web.csrf.DefaultCsrfToken@69c0bae6}

Handler:
             Type = null

Async:
    Async started = false
     Async result = null

Resolved Exception:
             Type = null

ModelAndView:
        View name = null
             View = null
            Model = null

FlashMap:
       Attributes = null

MockHttpServletResponse:
           Status = 403
    Error message = Forbidden
          Headers = [X-Content-Type-Options:"nosniff", X-XSS-Protection:"0", Cache-Control:"no-cache, no-store, max-age=0, must-revalidate", Pragma:"no-cache", Expires:"0", X-Frame-Options:"DENY"]
     Content type = null
             Body = 
    Forwarded URL = null
   Redirected URL = null
          Cookies = []
]]></system-out>
  </testcase>
  <testcase name="backend_day18_testGetAllMovie" classname="com.examly.springapp.SpringappApplicationTests" time="0.021">
    <failure message="Status expected:&lt;200&gt; but was:&lt;401&gt;" type="java.lang.AssertionError"><![CDATA[java.lang.AssertionError: Status expected:<200> but was:<401>
	at com.examly.springapp.SpringappApplicationTests.backend_day18_testGetAllMovie(SpringappApplicationTests.java:143)
]]></failure>
    <system-out><![CDATA[2025-06-26T06:19:14.796Z DEBUG 4386 --- [           main] o.s.security.web.FilterChainProxy        : Securing GET /api/movie
2025-06-26T06:19:14.797Z DEBUG 4386 --- [           main] o.s.s.w.a.AnonymousAuthenticationFilter  : Set SecurityContextHolder to anonymous SecurityContext
2025-06-26T06:19:14.797Z DEBUG 4386 --- [           main] s.w.a.DelegatingAuthenticationEntryPoint : Trying to match using And [Not [RequestHeaderRequestMatcher [expectedHeaderName=X-Requested-With, expectedHeaderValue=XMLHttpRequest]], MediaTypeRequestMatcher [contentNegotiationStrategy=org.springframework.web.accept.ContentNegotiationManager@566f4659, matchingMediaTypes=[application/xhtml+xml, image/*, text/html, text/plain], useEquals=false, ignoredMediaTypes=[*/*]]]
2025-06-26T06:19:14.798Z DEBUG 4386 --- [           main] s.w.a.DelegatingAuthenticationEntryPoint : Trying to match using Or [RequestHeaderRequestMatcher [expectedHeaderName=X-Requested-With, expectedHeaderValue=XMLHttpRequest], And [Not [MediaTypeRequestMatcher [contentNegotiationStrategy=org.springframework.web.accept.ContentNegotiationManager@566f4659, matchingMediaTypes=[text/html], useEquals=false, ignoredMediaTypes=[]]], MediaTypeRequestMatcher [contentNegotiationStrategy=org.springframework.web.accept.ContentNegotiationManager@566f4659, matchingMediaTypes=[application/atom+xml, application/x-www-form-urlencoded, application/json, application/octet-stream, application/xml, multipart/form-data, text/xml], useEquals=false, ignoredMediaTypes=[*/*]]], MediaTypeRequestMatcher [contentNegotiationStrategy=org.springframework.web.accept.ContentNegotiationManager@566f4659, matchingMediaTypes=[*/*], useEquals=true, ignoredMediaTypes=[]]]
2025-06-26T06:19:14.798Z DEBUG 4386 --- [           main] s.w.a.DelegatingAuthenticationEntryPoint : Match found! Executing org.springframework.security.web.authentication.DelegatingAuthenticationEntryPoint@128a188a
2025-06-26T06:19:14.798Z DEBUG 4386 --- [           main] s.w.a.DelegatingAuthenticationEntryPoint : Trying to match using RequestHeaderRequestMatcher [expectedHeaderName=X-Requested-With, expectedHeaderValue=XMLHttpRequest]
2025-06-26T06:19:14.799Z DEBUG 4386 --- [           main] s.w.a.DelegatingAuthenticationEntryPoint : No match found. Using default entry point org.springframework.security.web.authentication.www.BasicAuthenticationEntryPoint@6b43b101

MockHttpServletRequest:
      HTTP Method = GET
      Request URI = /api/movie
       Parameters = {}
          Headers = [Accept:"application/json"]
             Body = null
    Session Attrs = {}

Handler:
             Type = null

Async:
    Async started = false
     Async result = null

Resolved Exception:
             Type = null

ModelAndView:
        View name = null
             View = null
            Model = null

FlashMap:
       Attributes = null

MockHttpServletResponse:
           Status = 401
    Error message = Unauthorized
          Headers = [WWW-Authenticate:"Basic realm="Realm"", X-Content-Type-Options:"nosniff", X-XSS-Protection:"0", Cache-Control:"no-cache, no-store, max-age=0, must-revalidate", Pragma:"no-cache", Expires:"0", X-Frame-Options:"DENY"]
     Content type = null
             Body = 
    Forwarded URL = null
   Redirected URL = null
          Cookies = []
]]></system-out>
  </testcase>
  <testcase name="backend_day19_testrepositoryFile" classname="com.examly.springapp.SpringappApplicationTests" time="0">
    <failure message="expected: &lt;true&gt; but was: &lt;false&gt;" type="org.opentest4j.AssertionFailedError"><![CDATA[org.opentest4j.AssertionFailedError: expected: <true> but was: <false>
	at com.examly.springapp.SpringappApplicationTests.backend_day19_testrepositoryFile(SpringappApplicationTests.java:156)
]]></failure>
  </testcase>
  <testcase name="backend_day19_testBookingFile" classname="com.examly.springapp.SpringappApplicationTests" time="0">
    <failure message="expected: &lt;true&gt; but was: &lt;false&gt;" type="org.opentest4j.AssertionFailedError"><![CDATA[org.opentest4j.AssertionFailedError: expected: <true> but was: <false>
	at com.examly.springapp.SpringappApplicationTests.backend_day19_testBookingFile(SpringappApplicationTests.java:167)
]]></failure>
  </testcase>
  <testcase name="backend_day21_testServiceBookingFile" classname="com.examly.springapp.SpringappApplicationTests" time="0">
    <failure message="expected: &lt;true&gt; but was: &lt;false&gt;" type="org.opentest4j.AssertionFailedError"><![CDATA[org.opentest4j.AssertionFailedError: expected: <true> but was: <false>
	at com.examly.springapp.SpringappApplicationTests.backend_day21_testServiceBookingFile(SpringappApplicationTests.java:212)
]]></failure>
  </testcase>
  <testcase name="backend_day22_testExceptionFile" classname="com.examly.springapp.SpringappApplicationTests" time="0">
    <failure message="expected: &lt;true&gt; but was: &lt;false&gt;" type="org.opentest4j.AssertionFailedError"><![CDATA[org.opentest4j.AssertionFailedError: expected: <true> but was: <false>
	at com.examly.springapp.SpringappApplicationTests.backend_day22_testExceptionFile(SpringappApplicationTests.java:223)
]]></failure>
  </testcase>
  <testcase name="backend_day24_testcontrollerBookingFile" classname="com.examly.springapp.SpringappApplicationTests" time="0">
    <failure message="expected: &lt;true&gt; but was: &lt;false&gt;" type="org.opentest4j.AssertionFailedError"><![CDATA[org.opentest4j.AssertionFailedError: expected: <true> but was: <false>
	at com.examly.springapp.SpringappApplicationTests.backend_day24_testcontrollerBookingFile(SpringappApplicationTests.java:233)
]]></failure>
  </testcase>
  <testcase name="backend_day25_testEntityUserFile" classname="com.examly.springapp.SpringappApplicationTests" time="0">
    <failure message="expected: &lt;true&gt; but was: &lt;false&gt;" type="org.opentest4j.AssertionFailedError"><![CDATA[org.opentest4j.AssertionFailedError: expected: <true> but was: <false>
	at com.examly.springapp.SpringappApplicationTests.backend_day25_testEntityUserFile(SpringappApplicationTests.java:248)
]]></failure>
  </testcase>
  <testcase name="backend_day26_testCorsUserFile" classname="com.examly.springapp.SpringappApplicationTests" time="0">
    <failure message="expected: &lt;true&gt; but was: &lt;false&gt;" type="org.opentest4j.AssertionFailedError"><![CDATA[org.opentest4j.AssertionFailedError: expected: <true> but was: <false>
	at com.examly.springapp.SpringappApplicationTests.backend_day26_testCorsUserFile(SpringappApplicationTests.java:258)
]]></failure>
  </testcase>
  <testcase name="backend_day20_testBookingHasManyToOneAnnotation" classname="com.examly.springapp.SpringappApplicationTests" time="0">
    <failure message="Class not found: com.examly.springapp.entity.Booking" type="org.opentest4j.AssertionFailedError">org.opentest4j.AssertionFailedError: Class not found: com.examly.springapp.entity.Booking
	at com.examly.springapp.SpringappApplicationTests.backend_day20_testBookingHasManyToOneAnnotation(SpringappApplicationTests.java:199)
</failure>
  </testcase>
</testsuite>